<?xml version="1.0" encoding="UTF-8"?>
<!-- Generated by org.testng.reporters.JUnitReportReporter -->
<testsuite hostname="RGK_LenovoT14" failures="0" tests="1" name="testscripts.LoginTest" time="5.295" errors="0" timestamp="2025-09-10T11:32:33 IST" skipped="0">
  <testcase classname="testscripts.LoginTest" name="verifyUserLoginWithInvalidCredentials" time="5.295"/>
</testsuite> <!-- testscripts.LoginTest -->
