<?xml version="1.0" encoding="UTF-8"?>
<!-- Generated by org.testng.reporters.JUnitReportReporter -->
<testsuite hostname="RGK_LenovoT14" failures="0" tests="1" name="seleniumBasics.TestNGAnnotations" time="0.010" errors="0" timestamp="2025-09-08T18:39:27 IST" skipped="0">
  <testcase classname="seleniumBasics.TestNGAnnotations" name="sampleTestcase" time="0.010"/>
</testsuite> <!-- seleniumBasics.TestNGAnnotations -->
