<?xml version="1.0" encoding="UTF-8"?>
<!-- Generated by org.testng.reporters.JUnitReportReporter -->
<testsuite hostname="RGK_LenovoT14" failures="0" tests="1" name="testscripts.LoginTest" time="4.493" errors="0" timestamp="2025-09-08T12:08:13 IST" skipped="0">
  <testcase classname="testscripts.LoginTest" name="verifyUserLoginWithInvalidCredentials" time="4.493"/>
</testsuite> <!-- testscripts.LoginTest -->
