<?xml version="1.0" encoding="UTF-8"?>
<!-- Generated by org.testng.reporters.JUnitReportReporter -->
<testsuite hostname="RGK_LenovoT14" failures="0" tests="1" name="testscripts.LoginTest" time="7.929" errors="0" timestamp="2025-09-09T11:40:19 IST" skipped="0">
  <testcase classname="testscripts.LoginTest" name="verifyUserLoginWithValidCredentials" time="7.929"/>
</testsuite> <!-- testscripts.LoginTest -->
